2025-04-22 16:12:45,632 - root - INFO - *********URL is invoked in the Browser*************
2025-04-22 16:12:46,545 - root - INFO - *********Logging and saving username status*************
2025-04-22 16:12:46,915 - root - INFO - *********Logging and saving password status*************
2025-04-22 16:12:47,266 - root - INFO - *********Clicking submit button*************
2025-04-22 16:12:47,635 - root - INFO - *************Click Yes Button in the POP UP*******************
2025-04-22 16:12:48,950 - root - INFO - *********Select the Facility*************
2025-04-22 16:12:49,035 - root - INFO - ********* Click the  inventory option *************
2025-04-22 16:12:49,172 - root - INFO - ********* Click the  dropdown option in inventory pop up and click yes button*************
2025-04-22 16:12:52,151 - root - INFO - ********* Click the  search field and enter the option name *************
2025-04-22 17:19:31,633 - selenium.webdriver.common.selenium_manager - WARNING - Error sending stats to Plausible: error sending request for url (https://plausible.io/api/event)
2025-04-22 17:19:33,725 - root - INFO - *********URL is invoked in the Browser*************
2025-04-22 17:19:34,186 - root - INFO - *********Logging and saving username status*************
2025-04-22 17:19:34,948 - root - INFO - *********Logging and saving password status*************
2025-04-22 17:19:35,487 - root - INFO - *********Clicking submit button*************
2025-04-22 17:19:36,039 - root - INFO - *************Click Yes Button in the POP UP*******************
2025-04-22 17:19:36,926 - root - INFO - *********Select the Facility*************
2025-04-22 17:19:37,031 - root - INFO - ********* Click the  inventory option *************
2025-04-22 17:19:37,264 - root - INFO - ********* Click the  dropdown option in inventory pop up and click yes button*************
2025-04-22 17:19:40,396 - root - INFO - ********* Click the  search field and enter the option name *************
2025-04-22 17:20:50,782 - root - INFO - *********URL is invoked in the Browser*************
2025-04-22 17:20:51,216 - root - INFO - *********Logging and saving username status*************
2025-04-22 17:20:51,873 - root - INFO - *********Logging and saving password status*************
2025-04-22 17:20:52,212 - root - INFO - *********Clicking submit button*************
2025-04-22 17:20:52,575 - root - INFO - *************Click Yes Button in the POP UP*******************
2025-04-22 17:20:53,283 - root - INFO - *********Select the Facility*************
2025-04-22 17:20:53,377 - root - INFO - ********* Click the  inventory option *************
2025-04-22 17:20:53,662 - root - INFO - ********* Click the  dropdown option in inventory pop up and click yes button*************
2025-04-22 17:20:56,421 - root - INFO - ********* Click the  search field and enter the option name *************
2025-04-22 17:33:36,271 - root - INFO - *********URL is invoked in the Browser*************
2025-04-22 17:33:36,902 - root - INFO - *********Logging and saving username status*************
2025-04-22 17:33:37,463 - root - INFO - *********Logging and saving password status*************
2025-04-22 17:33:37,829 - root - INFO - *********Clicking submit button*************
2025-04-22 17:33:38,252 - root - INFO - *************Click Yes Button in the POP UP*******************
2025-04-22 17:33:38,997 - root - INFO - *********Select the Facility*************
2025-04-22 17:33:39,096 - root - INFO - ********* Click the  inventory option *************
2025-04-22 17:33:39,346 - root - INFO - ********* Click the  dropdown option in inventory pop up and click yes button*************
2025-04-22 17:33:42,139 - root - INFO - ********* Click the  search field and enter the option name *************
2025-04-22 18:04:02,677 - root - INFO - *********URL is invoked in the Browser*************
2025-04-22 18:04:04,761 - root - INFO - *********Logging and saving username status*************
2025-04-22 18:04:05,475 - root - INFO - *********Logging and saving password status*************
2025-04-22 18:04:05,832 - root - INFO - *********Clicking submit button*************
2025-04-22 18:04:06,218 - root - INFO - *************Click Yes Button in the POP UP*******************
2025-04-22 18:04:06,987 - root - INFO - *********Select the Facility*************
2025-04-22 18:04:07,084 - root - INFO - ********* Click the  inventory option *************
2025-04-22 18:04:07,233 - root - INFO - ********* Click the  dropdown option in inventory pop up and click yes button*************
2025-04-22 18:04:10,170 - root - INFO - ********* Click the  search field and enter the option name *************
2025-04-22 18:04:59,017 - root - INFO - *********URL is invoked in the Browser*************
2025-04-22 18:04:59,445 - root - INFO - *********Logging and saving username status*************
2025-04-22 18:05:00,137 - root - INFO - *********Logging and saving password status*************
2025-04-22 18:05:00,473 - root - INFO - *********Clicking submit button*************
2025-04-22 18:05:00,895 - root - INFO - *************Click Yes Button in the POP UP*******************
2025-04-22 18:05:01,580 - root - INFO - *********Select the Facility*************
2025-04-22 18:05:01,663 - root - INFO - ********* Click the  inventory option *************
2025-04-22 18:05:01,907 - root - INFO - ********* Click the  dropdown option in inventory pop up and click yes button*************
2025-04-22 18:05:04,571 - root - INFO - ********* Click the  search field and enter the option name *************
2025-04-22 18:05:50,503 - root - INFO - *********URL is invoked in the Browser*************
2025-04-22 18:05:50,877 - root - INFO - *********Logging and saving username status*************
2025-04-22 18:05:51,556 - root - INFO - *********Logging and saving password status*************
2025-04-22 18:05:51,907 - root - INFO - *********Clicking submit button*************
2025-04-22 18:05:52,309 - root - INFO - *************Click Yes Button in the POP UP*******************
2025-04-22 18:05:53,297 - root - INFO - *********Select the Facility*************
2025-04-22 18:05:53,401 - root - INFO - ********* Click the  inventory option *************
2025-04-22 18:05:53,673 - root - INFO - ********* Click the  dropdown option in inventory pop up and click yes button*************
2025-04-22 18:05:56,291 - root - INFO - ********* Click the  search field and enter the option name *************
2025-04-22 18:09:47,320 - root - INFO - *********URL is invoked in the Browser*************
2025-04-22 18:09:48,575 - root - INFO - *********Logging and saving username status*************
2025-04-22 18:09:49,056 - root - INFO - *********Logging and saving password status*************
2025-04-22 18:09:49,427 - root - INFO - *********Clicking submit button*************
2025-04-22 18:09:51,272 - root - INFO - *************Click Yes Button in the POP UP*******************
2025-04-22 18:09:52,084 - root - INFO - *********Select the Facility*************
2025-04-22 18:09:52,176 - root - INFO - ********* Click the  inventory option *************
2025-04-22 18:09:52,405 - root - INFO - ********* Click the  dropdown option in inventory pop up and click yes button*************
2025-04-22 18:09:55,655 - root - INFO - ********* Click the  search field and enter the option name *************
2025-04-22 18:23:19,235 - root - INFO - *********URL is invoked in the Browser*************
2025-04-22 18:23:19,711 - root - INFO - *********Logging and saving username status*************
2025-04-22 18:23:20,377 - root - INFO - *********Logging and saving password status*************
2025-04-22 18:23:20,710 - root - INFO - *********Clicking submit button*************
2025-04-22 18:23:21,109 - root - INFO - *************Click Yes Button in the POP UP*******************
2025-04-22 18:23:21,868 - root - INFO - *********Select the Facility*************
2025-04-22 18:23:21,951 - root - INFO - ********* Click the  inventory option *************
2025-04-22 18:23:22,079 - root - INFO - ********* Click the  dropdown option in inventory pop up and click yes button*************
2025-04-22 18:23:24,932 - root - INFO - ********* Click the  search field and enter the option name *************
2025-04-22 18:24:16,569 - root - INFO - *********URL is invoked in the Browser*************
2025-04-22 18:24:17,032 - root - INFO - *********Logging and saving username status*************
2025-04-22 18:24:17,667 - root - INFO - *********Logging and saving password status*************
2025-04-22 18:24:17,982 - root - INFO - *********Clicking submit button*************
2025-04-22 18:24:18,439 - root - INFO - *************Click Yes Button in the POP UP*******************
2025-04-22 18:24:19,126 - root - INFO - *********Select the Facility*************
2025-04-22 18:24:19,211 - root - INFO - ********* Click the  inventory option *************
2025-04-22 18:24:19,433 - root - INFO - ********* Click the  dropdown option in inventory pop up and click yes button*************
2025-04-22 18:24:22,014 - root - INFO - ********* Click the  search field and enter the option name *************
2025-04-22 18:28:05,843 - root - INFO - *********URL is invoked in the Browser*************
2025-04-22 18:28:06,429 - root - INFO - *********Logging and saving username status*************
2025-04-22 18:28:07,041 - root - INFO - *********Logging and saving password status*************
2025-04-22 18:28:07,365 - root - INFO - *********Clicking submit button*************
2025-04-22 18:28:07,809 - root - INFO - *************Click Yes Button in the POP UP*******************
2025-04-22 18:28:08,561 - root - INFO - *********Select the Facility*************
2025-04-22 18:28:08,639 - root - INFO - ********* Click the  inventory option *************
2025-04-22 18:28:08,881 - root - INFO - ********* Click the  dropdown option in inventory pop up and click yes button*************
2025-04-22 18:28:11,738 - root - INFO - ********* Click the  search field and enter the option name *************
2025-04-22 18:29:31,964 - root - INFO - *********URL is invoked in the Browser*************
2025-04-22 18:29:32,522 - root - INFO - *********Logging and saving username status*************
2025-04-22 18:29:33,165 - root - INFO - *********Logging and saving password status*************
2025-04-22 18:29:33,485 - root - INFO - *********Clicking submit button*************
2025-04-22 18:29:33,908 - root - INFO - *************Click Yes Button in the POP UP*******************
2025-04-22 18:29:34,664 - root - INFO - *********Select the Facility*************
2025-04-22 18:29:34,751 - root - INFO - ********* Click the  inventory option *************
2025-04-22 18:29:34,891 - root - INFO - ********* Click the  dropdown option in inventory pop up and click yes button*************
2025-04-22 18:29:37,718 - root - INFO - ********* Click the  search field and enter the option name *************
2025-04-22 18:32:52,251 - root - INFO - *********URL is invoked in the Browser*************
2025-04-22 18:32:52,709 - root - INFO - *********Logging and saving username status*************
2025-04-22 18:32:53,449 - root - INFO - *********Logging and saving password status*************
2025-04-22 18:32:53,771 - root - INFO - *********Clicking submit button*************
2025-04-22 18:32:54,141 - root - INFO - *************Click Yes Button in the POP UP*******************
2025-04-22 18:32:54,914 - root - INFO - *********Select the Facility*************
2025-04-22 18:32:54,992 - root - INFO - ********* Click the  inventory option *************
2025-04-22 18:32:55,223 - root - INFO - ********* Click the  dropdown option in inventory pop up and click yes button*************
2025-04-22 18:32:58,641 - root - INFO - ********* Click the  search field and enter the option name *************
2025-04-22 18:33:58,374 - root - INFO - *********URL is invoked in the Browser*************
2025-04-22 18:33:58,870 - root - INFO - *********Logging and saving username status*************
2025-04-22 18:33:59,427 - root - INFO - *********Logging and saving password status*************
2025-04-22 18:33:59,755 - root - INFO - *********Clicking submit button*************
2025-04-22 18:34:00,120 - root - INFO - *************Click Yes Button in the POP UP*******************
2025-04-22 18:34:00,867 - root - INFO - *********Select the Facility*************
2025-04-22 18:34:00,953 - root - INFO - ********* Click the  inventory option *************
2025-04-22 18:34:01,180 - root - INFO - ********* Click the  dropdown option in inventory pop up and click yes button*************
2025-04-22 18:34:03,819 - root - INFO - ********* Click the  search field and enter the option name *************
2025-04-22 18:42:18,060 - root - INFO - *********URL is invoked in the Browser*************
2025-04-22 18:42:18,535 - root - INFO - *********Logging and saving username status*************
2025-04-22 18:42:19,125 - root - INFO - *********Logging and saving password status*************
2025-04-22 18:42:19,455 - root - INFO - *********Clicking submit button*************
2025-04-22 18:42:19,822 - root - INFO - *************Click Yes Button in the POP UP*******************
2025-04-22 18:42:20,634 - root - INFO - *********Select the Facility*************
2025-04-22 18:42:20,715 - root - INFO - ********* Click the  inventory option *************
2025-04-22 18:42:20,873 - root - INFO - ********* Click the  dropdown option in inventory pop up and click yes button*************
2025-04-22 18:42:23,678 - root - INFO - ********* Click the  search field and enter the option name *************
2025-04-22 18:43:43,333 - root - INFO - *********URL is invoked in the Browser*************
2025-04-22 18:43:44,347 - root - INFO - *********Logging and saving username status*************
2025-04-22 18:43:44,720 - root - INFO - *********Logging and saving password status*************
2025-04-22 18:43:45,048 - root - INFO - *********Clicking submit button*************
2025-04-22 18:43:45,452 - root - INFO - *************Click Yes Button in the POP UP*******************
2025-04-22 18:43:46,356 - root - INFO - *********Select the Facility*************
2025-04-22 18:43:46,442 - root - INFO - ********* Click the  inventory option *************
2025-04-22 18:43:46,586 - root - INFO - ********* Click the  dropdown option in inventory pop up and click yes button*************
2025-04-22 18:43:49,421 - root - INFO - ********* Click the  search field and enter the option name *************
2025-04-22 18:45:02,452 - root - INFO - *********URL is invoked in the Browser*************
2025-04-22 18:45:03,600 - root - INFO - *********Logging and saving username status*************
2025-04-22 18:45:03,950 - root - INFO - *********Logging and saving password status*************
2025-04-22 18:45:04,274 - root - INFO - *********Clicking submit button*************
2025-04-22 18:45:04,653 - root - INFO - *************Click Yes Button in the POP UP*******************
2025-04-22 18:45:05,401 - root - INFO - *********Select the Facility*************
2025-04-22 18:45:05,495 - root - INFO - ********* Click the  inventory option *************
2025-04-22 18:45:05,629 - root - INFO - ********* Click the  dropdown option in inventory pop up and click yes button*************
2025-04-22 18:45:08,273 - root - INFO - ********* Click the  search field and enter the option name *************
2025-04-22 18:49:36,442 - root - INFO - *********URL is invoked in the Browser*************
2025-04-22 18:49:37,019 - root - INFO - *********Logging and saving username status*************
2025-04-22 18:49:37,609 - root - INFO - *********Logging and saving password status*************
2025-04-22 18:49:37,962 - root - INFO - *********Clicking submit button*************
2025-04-22 18:49:38,350 - root - INFO - *************Click Yes Button in the POP UP*******************
2025-04-22 18:49:39,106 - root - INFO - *********Select the Facility*************
2025-04-22 18:49:39,191 - root - INFO - ********* Click the  inventory option *************
2025-04-22 18:49:39,426 - root - INFO - ********* Click the  dropdown option in inventory pop up and click yes button*************
2025-04-22 18:49:42,108 - root - INFO - ********* Click the  search field and enter the option name *************
2025-04-22 18:52:05,175 - root - INFO - *********URL is invoked in the Browser*************
2025-04-22 18:52:05,665 - root - INFO - *********Logging and saving username status*************
2025-04-22 18:52:06,248 - root - INFO - *********Logging and saving password status*************
2025-04-22 18:52:06,572 - root - INFO - *********Clicking submit button*************
2025-04-22 18:52:07,042 - root - INFO - *************Click Yes Button in the POP UP*******************
2025-04-22 18:52:07,983 - root - INFO - *********Select the Facility*************
2025-04-22 18:52:08,077 - root - INFO - ********* Click the  inventory option *************
2025-04-22 18:52:08,305 - root - INFO - ********* Click the  dropdown option in inventory pop up and click yes button*************
2025-04-22 18:52:10,953 - root - INFO - ********* Click the  search field and enter the option name *************
2025-04-22 19:07:46,519 - root - INFO - *********URL is invoked in the Browser*************
2025-04-22 19:07:46,983 - root - INFO - *********Logging and saving username status*************
2025-04-22 19:07:47,636 - root - INFO - *********Logging and saving password status*************
2025-04-22 19:07:47,982 - root - INFO - *********Clicking submit button*************
2025-04-22 19:07:48,396 - root - INFO - *************Click Yes Button in the POP UP*******************
2025-04-22 19:07:49,262 - root - INFO - *********Select the Facility*************
2025-04-22 19:07:49,348 - root - INFO - ********* Click the  inventory option *************
2025-04-22 19:07:49,592 - root - INFO - ********* Click the  dropdown option in inventory pop up and click yes button*************
2025-04-22 19:07:52,228 - root - INFO - ********* Click the  search field and enter the option name *************
2025-04-22 19:09:10,687 - root - INFO - *********URL is invoked in the Browser*************
2025-04-22 19:09:11,889 - root - INFO - *********Logging and saving username status*************
2025-04-22 19:09:12,243 - root - INFO - *********Logging and saving password status*************
2025-04-22 19:09:12,593 - root - INFO - *********Clicking submit button*************
2025-04-22 19:09:12,959 - root - INFO - *************Click Yes Button in the POP UP*******************
2025-04-22 19:09:13,650 - root - INFO - *********Select the Facility*************
2025-04-22 19:09:13,737 - root - INFO - ********* Click the  inventory option *************
2025-04-22 19:09:13,958 - root - INFO - ********* Click the  dropdown option in inventory pop up and click yes button*************
2025-04-22 19:09:16,678 - root - INFO - ********* Click the  search field and enter the option name *************
2025-04-23 15:47:55,467 - root - INFO - *********URL is invoked in the Browser*************
2025-04-23 15:47:57,976 - root - INFO - *********Logging and saving username status*************
2025-04-23 15:47:58,540 - root - INFO - *********Logging and saving password status*************
2025-04-23 15:47:58,899 - root - INFO - *********Clicking submit button*************
2025-04-23 15:47:59,294 - root - INFO - *************Click Yes Button in the POP UP*******************
2025-04-23 15:48:00,074 - root - INFO - *********Select the Facility*************
2025-04-23 15:48:00,167 - root - INFO - ********* Click the  inventory option *************
2025-04-23 15:48:00,382 - root - INFO - ********* Click the  dropdown option in inventory pop up and click yes button*************
2025-04-23 15:48:03,625 - root - INFO - ********* Click the  search field and enter the option name *************
2025-04-23 16:25:29,081 - root - INFO - *********URL is invoked in the Browser*************
2025-04-23 16:25:30,170 - root - INFO - *********Logging and saving username status*************
2025-04-23 16:25:30,692 - root - INFO - *********Logging and saving password status*************
2025-04-23 16:25:31,049 - root - INFO - *********Clicking submit button*************
2025-04-23 16:25:31,494 - root - INFO - *************Click Yes Button in the POP UP*******************
2025-04-23 16:25:32,223 - root - INFO - *********Select the Facility*************
2025-04-23 16:25:32,313 - root - INFO - ********* Click the  inventory option *************
2025-04-23 16:25:32,543 - root - INFO - ********* Click the  dropdown option in inventory pop up and click yes button*************
2025-04-23 16:25:35,588 - root - INFO - ********* Click the  search field and enter the option name *************
2025-04-23 16:34:43,028 - root - INFO - *********URL is invoked in the Browser*************
2025-04-23 16:34:44,417 - root - INFO - *********Logging and saving username status*************
2025-04-23 16:34:44,750 - root - INFO - *********Logging and saving password status*************
2025-04-23 16:34:45,077 - root - INFO - *********Clicking submit button*************
2025-04-23 16:34:45,623 - root - INFO - *************Click Yes Button in the POP UP*******************
2025-04-23 16:34:46,901 - root - INFO - *********Select the Facility*************
2025-04-23 16:34:46,989 - root - INFO - ********* Click the  inventory option *************
2025-04-23 16:34:47,228 - root - INFO - ********* Click the  dropdown option in inventory pop up and click yes button*************
2025-04-23 16:34:50,558 - root - INFO - ********* Click the  search field and enter the option name *************
2025-04-23 16:41:46,259 - root - INFO - *********URL is invoked in the Browser*************
2025-04-23 16:41:46,796 - root - INFO - *********Logging and saving username status*************
2025-04-23 16:41:47,335 - root - INFO - *********Logging and saving password status*************
2025-04-23 16:41:47,674 - root - INFO - *********Clicking submit button*************
2025-04-23 16:41:48,042 - root - INFO - *************Click Yes Button in the POP UP*******************
2025-04-23 16:41:48,840 - root - INFO - *********Select the Facility*************
2025-04-23 16:41:48,936 - root - INFO - ********* Click the  inventory option *************
2025-04-23 16:41:49,159 - root - INFO - ********* Click the  dropdown option in inventory pop up and click yes button*************
2025-04-23 16:41:52,172 - root - INFO - ********* Click the  search field and enter the option name *************
2025-04-23 16:47:45,226 - root - INFO - *********URL is invoked in the Browser*************
2025-04-23 16:47:46,871 - root - INFO - *********Logging and saving username status*************
2025-04-23 16:47:47,196 - root - INFO - *********Logging and saving password status*************
2025-04-23 16:47:47,529 - root - INFO - *********Clicking submit button*************
2025-04-23 16:47:47,934 - root - INFO - *************Click Yes Button in the POP UP*******************
2025-04-23 16:47:48,772 - root - INFO - *********Select the Facility*************
2025-04-23 16:47:48,858 - root - INFO - ********* Click the  inventory option *************
2025-04-23 16:47:49,092 - root - INFO - ********* Click the  dropdown option in inventory pop up and click yes button*************
2025-04-23 16:47:52,313 - root - INFO - ********* Click the  search field and enter the option name *************
2025-04-23 17:08:48,398 - root - INFO - *********URL is invoked in the Browser*************
2025-04-23 17:08:48,863 - root - INFO - *********Logging and saving username status*************
2025-04-23 17:08:49,520 - root - INFO - *********Logging and saving password status*************
2025-04-23 17:08:49,853 - root - INFO - *********Clicking submit button*************
2025-04-23 17:08:50,239 - root - INFO - *************Click Yes Button in the POP UP*******************
2025-04-23 17:08:50,925 - root - INFO - *********Select the Facility*************
2025-04-23 17:08:51,033 - root - INFO - ********* Click the  inventory option *************
2025-04-23 17:08:51,274 - root - INFO - ********* Click the  dropdown option in inventory pop up and click yes button*************
2025-04-23 17:08:54,137 - root - INFO - ********* Click the  search field and enter the option name *************
2025-04-23 17:09:33,073 - root - INFO - *********URL is invoked in the Browser*************
2025-04-23 17:09:33,682 - root - INFO - *********Logging and saving username status*************
2025-04-23 17:09:34,200 - root - INFO - *********Logging and saving password status*************
2025-04-23 17:09:34,539 - root - INFO - *********Clicking submit button*************
2025-04-23 17:09:34,924 - root - INFO - *************Click Yes Button in the POP UP*******************
2025-04-23 17:09:35,556 - root - INFO - *********Select the Facility*************
2025-04-23 17:09:35,666 - root - INFO - ********* Click the  inventory option *************
2025-04-23 17:09:35,897 - root - INFO - ********* Click the  dropdown option in inventory pop up and click yes button*************
2025-04-23 17:09:38,620 - root - INFO - ********* Click the  search field and enter the option name *************
2025-04-23 17:12:45,043 - root - INFO - *********URL is invoked in the Browser*************
2025-04-23 17:12:45,784 - root - INFO - *********Logging and saving username status*************
2025-04-23 17:12:46,160 - root - INFO - *********Logging and saving password status*************
2025-04-23 17:12:46,486 - root - INFO - *********Clicking submit button*************
2025-04-23 17:12:46,902 - root - INFO - *************Click Yes Button in the POP UP*******************
2025-04-23 17:12:47,593 - root - INFO - *********Select the Facility*************
2025-04-23 17:12:47,685 - root - INFO - ********* Click the  inventory option *************
2025-04-23 17:12:47,916 - root - INFO - ********* Click the  dropdown option in inventory pop up and click yes button*************
2025-04-23 17:12:50,703 - root - INFO - ********* Click the  search field and enter the option name *************
2025-04-23 18:04:01,805 - root - INFO - *********URL is invoked in the Browser*************
2025-04-23 18:04:02,682 - root - INFO - *********Logging and saving username status*************
2025-04-23 18:04:03,091 - root - INFO - *********Logging and saving password status*************
2025-04-23 18:04:03,436 - root - INFO - *********Clicking submit button*************
2025-04-23 18:04:03,833 - root - INFO - *************Click Yes Button in the POP UP*******************
2025-04-23 18:04:04,668 - root - INFO - *********Select the Facility*************
2025-04-23 18:04:04,808 - root - INFO - ********* Click the  inventory option *************
2025-04-23 18:04:05,139 - root - INFO - ********* Click the  dropdown option in inventory pop up and click yes button*************
2025-04-23 18:04:08,507 - root - INFO - ********* Click the  search field and enter the option name *************
2025-04-23 18:20:50,543 - root - INFO - *********URL is invoked in the Browser*************
2025-04-23 18:20:51,263 - root - INFO - *********Logging and saving username status*************
2025-04-23 18:20:51,676 - root - INFO - *********Logging and saving password status*************
2025-04-23 18:20:52,021 - root - INFO - *********Clicking submit button*************
2025-04-23 18:20:52,611 - root - INFO - *************Click Yes Button in the POP UP*******************
2025-04-23 18:20:53,310 - root - INFO - *********Select the Facility*************
2025-04-23 18:20:53,404 - root - INFO - ********* Click the  inventory option *************
2025-04-23 18:20:53,557 - root - INFO - ********* Click the  dropdown option in inventory pop up and click yes button*************
2025-04-23 18:20:56,455 - root - INFO - ********* Click the  search field and enter the option name *************
2025-04-23 19:30:11,154 - root - INFO - *********URL is invoked in the Browser*************
2025-04-23 19:30:11,696 - root - INFO - *********Logging and saving username status*************
2025-04-23 19:30:12,348 - root - INFO - *********Logging and saving password status*************
2025-04-23 19:30:12,699 - root - INFO - *********Clicking submit button*************
2025-04-23 19:30:13,217 - root - INFO - *************Click Yes Button in the POP UP*******************
2025-04-23 19:30:15,606 - root - INFO - *********Select the Facility*************
2025-04-23 19:30:15,702 - root - INFO - ********* Click the  inventory option *************
2025-04-23 19:30:15,949 - root - INFO - ********* Click the  dropdown option in inventory pop up and click yes button*************
2025-04-23 19:30:21,631 - root - INFO - ********* Click the  search field and enter the option name *************
2025-04-23 19:35:21,765 - root - INFO - *********URL is invoked in the Browser*************
2025-04-23 19:35:22,259 - root - INFO - *********Logging and saving username status*************
2025-04-23 19:35:22,826 - root - INFO - *********Logging and saving password status*************
2025-04-23 19:35:23,203 - root - INFO - *********Clicking submit button*************
2025-04-23 19:35:23,622 - root - INFO - *************Click Yes Button in the POP UP*******************
2025-04-23 19:35:24,346 - root - INFO - *********Select the Facility*************
2025-04-23 19:35:24,439 - root - INFO - ********* Click the  inventory option *************
2025-04-23 19:35:24,691 - root - INFO - ********* Click the  dropdown option in inventory pop up and click yes button*************
2025-04-23 19:35:27,699 - root - INFO - ********* Click the  search field and enter the option name *************
2025-04-23 19:39:30,796 - root - INFO - *********URL is invoked in the Browser*************
2025-04-23 19:39:31,330 - root - INFO - *********Logging and saving username status*************
2025-04-23 19:39:31,857 - root - INFO - *********Logging and saving password status*************
2025-04-23 19:39:32,204 - root - INFO - *********Clicking submit button*************
2025-04-23 19:39:32,622 - root - INFO - *************Click Yes Button in the POP UP*******************
2025-04-23 19:39:33,376 - root - INFO - *********Select the Facility*************
2025-04-23 19:39:33,462 - root - INFO - ********* Click the  inventory option *************
2025-04-23 19:39:33,589 - root - INFO - ********* Click the  dropdown option in inventory pop up and click yes button*************
2025-04-23 19:39:36,414 - root - INFO - ********* Click the  search field and enter the option name *************
